<?xml version="1.0" encoding="UTF-8"?>
<testsuite xmlns:xsi="http://www.w3.org/2001/XMLSchema-instance" xsi:noNamespaceSchemaLocation="https://maven.apache.org/surefire/maven-surefire-plugin/xsd/surefire-test-report.xsd" name="org.springframework.ingest.mapper.fieldset.PersonFieldSetMapperTests" time="0.015" tests="1" errors="0" skipped="0" failures="0">
  <properties>
    <property name="sun.desktop" value="windows"/>
    <property name="awt.toolkit" value="sun.awt.windows.WToolkit"/>
    <property name="file.encoding.pkg" value="sun.io"/>
    <property name="java.specification.version" value="1.8"/>
    <property name="sun.cpu.isalist" value="amd64"/>
    <property name="sun.jnu.encoding" value="Cp1252"/>
    <property name="java.class.path" value="C:\Users\rtalapaneni\Documents\work\dev\poc\codebase\git\spring-boot-batch\file-ingest\target\test-classes;C:\Users\rtalapaneni\Documents\work\dev\poc\codebase\git\spring-boot-batch\file-ingest\target\classes;C:\Users\rtalapaneni\.m2\repository\org\springframework\boot\spring-boot-starter-batch\2.0.0.M7\spring-boot-starter-batch-2.0.0.M7.jar;C:\Users\rtalapaneni\.m2\repository\org\springframework\boot\spring-boot-starter\2.0.0.M7\spring-boot-starter-2.0.0.M7.jar;C:\Users\rtalapaneni\.m2\repository\org\springframework\boot\spring-boot\2.0.0.M7\spring-boot-2.0.0.M7.jar;C:\Users\rtalapaneni\.m2\repository\org\springframework\boot\spring-boot-starter-logging\2.0.0.M7\spring-boot-starter-logging-2.0.0.M7.jar;C:\Users\rtalapaneni\.m2\repository\ch\qos\logback\logback-classic\1.2.3\logback-classic-1.2.3.jar;C:\Users\rtalapaneni\.m2\repository\ch\qos\logback\logback-core\1.2.3\logback-core-1.2.3.jar;C:\Users\rtalapaneni\.m2\repository\org\apache\logging\log4j\log4j-to-slf4j\2.10.0\log4j-to-slf4j-2.10.0.jar;C:\Users\rtalapaneni\.m2\repository\org\apache\logging\log4j\log4j-api\2.10.0\log4j-api-2.10.0.jar;C:\Users\rtalapaneni\.m2\repository\org\slf4j\jul-to-slf4j\1.7.25\jul-to-slf4j-1.7.25.jar;C:\Users\rtalapaneni\.m2\repository\javax\annotation\javax.annotation-api\1.3.1\javax.annotation-api-1.3.1.jar;C:\Users\rtalapaneni\.m2\repository\org\springframework\spring-core\5.0.2.RELEASE\spring-core-5.0.2.RELEASE.jar;C:\Users\rtalapaneni\.m2\repository\org\springframework\spring-jcl\5.0.2.RELEASE\spring-jcl-5.0.2.RELEASE.jar;C:\Users\rtalapaneni\.m2\repository\org\yaml\snakeyaml\1.19\snakeyaml-1.19.jar;C:\Users\rtalapaneni\.m2\repository\org\springframework\boot\spring-boot-starter-jdbc\2.0.0.M7\spring-boot-starter-jdbc-2.0.0.M7.jar;C:\Users\rtalapaneni\.m2\repository\com\zaxxer\HikariCP\2.7.4\HikariCP-2.7.4.jar;C:\Users\rtalapaneni\.m2\repository\org\springframework\batch\spring-batch-core\4.0.0.M5\spring-batch-core-4.0.0.M5.jar;C:\Users\rtalapaneni\.m2\repository\com\fasterxml\jackson\core\jackson-databind\2.9.2\jackson-databind-2.9.2.jar;C:\Users\rtalapaneni\.m2\repository\com\fasterxml\jackson\core\jackson-annotations\2.9.0\jackson-annotations-2.9.0.jar;C:\Users\rtalapaneni\.m2\repository\com\fasterxml\jackson\core\jackson-core\2.9.2\jackson-core-2.9.2.jar;C:\Users\rtalapaneni\.m2\repository\javax\batch\javax.batch-api\1.0\javax.batch-api-1.0.jar;C:\Users\rtalapaneni\.m2\repository\org\codehaus\jettison\jettison\1.2\jettison-1.2.jar;C:\Users\rtalapaneni\.m2\repository\org\springframework\spring-aop\5.0.2.RELEASE\spring-aop-5.0.2.RELEASE.jar;C:\Users\rtalapaneni\.m2\repository\org\springframework\spring-beans\5.0.2.RELEASE\spring-beans-5.0.2.RELEASE.jar;C:\Users\rtalapaneni\.m2\repository\org\springframework\spring-context\5.0.2.RELEASE\spring-context-5.0.2.RELEASE.jar;C:\Users\rtalapaneni\.m2\repository\org\springframework\spring-expression\5.0.2.RELEASE\spring-expression-5.0.2.RELEASE.jar;C:\Users\rtalapaneni\.m2\repository\org\springframework\spring-tx\5.0.2.RELEASE\spring-tx-5.0.2.RELEASE.jar;C:\Users\rtalapaneni\.m2\repository\com\h2database\h2\1.4.196\h2-1.4.196.jar;C:\Users\rtalapaneni\.m2\repository\org\springframework\cloud\spring-cloud-task-core\1.2.2.RELEASE\spring-cloud-task-core-1.2.2.RELEASE.jar;C:\Users\rtalapaneni\.m2\repository\org\springframework\boot\spring-boot-autoconfigure\2.0.0.M7\spring-boot-autoconfigure-2.0.0.M7.jar;C:\Users\rtalapaneni\.m2\repository\org\springframework\cloud\spring-cloud-deployer-resource-support\1.2.1.RELEASE\spring-cloud-deployer-resource-support-1.2.1.RELEASE.jar;C:\Users\rtalapaneni\.m2\repository\org\slf4j\slf4j-api\1.7.25\slf4j-api-1.7.25.jar;C:\Users\rtalapaneni\.m2\repository\org\springframework\spring-jdbc\5.0.2.RELEASE\spring-jdbc-5.0.2.RELEASE.jar;C:\Users\rtalapaneni\.m2\repository\org\springframework\batch\spring-batch-infrastructure\4.0.0.M5\spring-batch-infrastructure-4.0.0.M5.jar;C:\Users\rtalapaneni\.m2\repository\org\springframework\retry\spring-retry\1.2.1.RELEASE\spring-retry-1.2.1.RELEASE.jar;C:\Users\rtalapaneni\.m2\repository\org\springframework\data\spring-data-commons\2.0.2.RELEASE\spring-data-commons-2.0.2.RELEASE.jar;C:\Users\rtalapaneni\.m2\repository\org\springframework\cloud\spring-cloud-task-batch\1.2.2.RELEASE\spring-cloud-task-batch-1.2.2.RELEASE.jar;C:\Users\rtalapaneni\.m2\repository\commons-logging\commons-logging-api\1.1\commons-logging-api-1.1.jar;C:\Users\rtalapaneni\.m2\repository\junit\junit\4.12\junit-4.12.jar;C:\Users\rtalapaneni\.m2\repository\org\hamcrest\hamcrest-core\1.3\hamcrest-core-1.3.jar;C:\Users\rtalapaneni\.m2\repository\org\hsqldb\hsqldb\2.4.0\hsqldb-2.4.0.jar;C:\Users\rtalapaneni\.m2\repository\mysql\mysql-connector-java\5.1.44\mysql-connector-java-5.1.44.jar;C:\Users\rtalapaneni\.m2\repository\org\apache\commons\commons-dbcp2\2.5.0\commons-dbcp2-2.5.0.jar;C:\Users\rtalapaneni\.m2\repository\org\apache\commons\commons-pool2\2.4.3\commons-pool2-2.4.3.jar;"/>
    <property name="java.vm.vendor" value="Oracle Corporation"/>
    <property name="sun.arch.data.model" value="64"/>
    <property name="user.variant" value=""/>
    <property name="java.vendor.url" value="http://java.oracle.com/"/>
    <property name="user.timezone" value=""/>
    <property name="java.vm.specification.version" value="1.8"/>
    <property name="os.name" value="Windows 10"/>
    <property name="user.country" value="US"/>
    <property name="sun.java.launcher" value="SUN_STANDARD"/>
    <property name="sun.boot.library.path" value="C:\Program Files\Java\jdk1.8.0_181\jre\bin"/>
    <property name="sun.java.command" value="C:\Users\RTALAP~1\AppData\Local\Temp\surefire2428843353121837655\surefirebooter263454247001266357.jar C:\Users\rtalapaneni\AppData\Local\Temp\surefire2428843353121837655 2018-10-06T10-11-59_638-jvmRun1 surefire2220730055100534215tmp surefire_04753293012493083544tmp"/>
    <property name="surefire.test.class.path" value="C:\Users\rtalapaneni\Documents\work\dev\poc\codebase\git\spring-boot-batch\file-ingest\target\test-classes;C:\Users\rtalapaneni\Documents\work\dev\poc\codebase\git\spring-boot-batch\file-ingest\target\classes;C:\Users\rtalapaneni\.m2\repository\org\springframework\boot\spring-boot-starter-batch\2.0.0.M7\spring-boot-starter-batch-2.0.0.M7.jar;C:\Users\rtalapaneni\.m2\repository\org\springframework\boot\spring-boot-starter\2.0.0.M7\spring-boot-starter-2.0.0.M7.jar;C:\Users\rtalapaneni\.m2\repository\org\springframework\boot\spring-boot\2.0.0.M7\spring-boot-2.0.0.M7.jar;C:\Users\rtalapaneni\.m2\repository\org\springframework\boot\spring-boot-starter-logging\2.0.0.M7\spring-boot-starter-logging-2.0.0.M7.jar;C:\Users\rtalapaneni\.m2\repository\ch\qos\logback\logback-classic\1.2.3\logback-classic-1.2.3.jar;C:\Users\rtalapaneni\.m2\repository\ch\qos\logback\logback-core\1.2.3\logback-core-1.2.3.jar;C:\Users\rtalapaneni\.m2\repository\org\apache\logging\log4j\log4j-to-slf4j\2.10.0\log4j-to-slf4j-2.10.0.jar;C:\Users\rtalapaneni\.m2\repository\org\apache\logging\log4j\log4j-api\2.10.0\log4j-api-2.10.0.jar;C:\Users\rtalapaneni\.m2\repository\org\slf4j\jul-to-slf4j\1.7.25\jul-to-slf4j-1.7.25.jar;C:\Users\rtalapaneni\.m2\repository\javax\annotation\javax.annotation-api\1.3.1\javax.annotation-api-1.3.1.jar;C:\Users\rtalapaneni\.m2\repository\org\springframework\spring-core\5.0.2.RELEASE\spring-core-5.0.2.RELEASE.jar;C:\Users\rtalapaneni\.m2\repository\org\springframework\spring-jcl\5.0.2.RELEASE\spring-jcl-5.0.2.RELEASE.jar;C:\Users\rtalapaneni\.m2\repository\org\yaml\snakeyaml\1.19\snakeyaml-1.19.jar;C:\Users\rtalapaneni\.m2\repository\org\springframework\boot\spring-boot-starter-jdbc\2.0.0.M7\spring-boot-starter-jdbc-2.0.0.M7.jar;C:\Users\rtalapaneni\.m2\repository\com\zaxxer\HikariCP\2.7.4\HikariCP-2.7.4.jar;C:\Users\rtalapaneni\.m2\repository\org\springframework\batch\spring-batch-core\4.0.0.M5\spring-batch-core-4.0.0.M5.jar;C:\Users\rtalapaneni\.m2\repository\com\fasterxml\jackson\core\jackson-databind\2.9.2\jackson-databind-2.9.2.jar;C:\Users\rtalapaneni\.m2\repository\com\fasterxml\jackson\core\jackson-annotations\2.9.0\jackson-annotations-2.9.0.jar;C:\Users\rtalapaneni\.m2\repository\com\fasterxml\jackson\core\jackson-core\2.9.2\jackson-core-2.9.2.jar;C:\Users\rtalapaneni\.m2\repository\javax\batch\javax.batch-api\1.0\javax.batch-api-1.0.jar;C:\Users\rtalapaneni\.m2\repository\org\codehaus\jettison\jettison\1.2\jettison-1.2.jar;C:\Users\rtalapaneni\.m2\repository\org\springframework\spring-aop\5.0.2.RELEASE\spring-aop-5.0.2.RELEASE.jar;C:\Users\rtalapaneni\.m2\repository\org\springframework\spring-beans\5.0.2.RELEASE\spring-beans-5.0.2.RELEASE.jar;C:\Users\rtalapaneni\.m2\repository\org\springframework\spring-context\5.0.2.RELEASE\spring-context-5.0.2.RELEASE.jar;C:\Users\rtalapaneni\.m2\repository\org\springframework\spring-expression\5.0.2.RELEASE\spring-expression-5.0.2.RELEASE.jar;C:\Users\rtalapaneni\.m2\repository\org\springframework\spring-tx\5.0.2.RELEASE\spring-tx-5.0.2.RELEASE.jar;C:\Users\rtalapaneni\.m2\repository\com\h2database\h2\1.4.196\h2-1.4.196.jar;C:\Users\rtalapaneni\.m2\repository\org\springframework\cloud\spring-cloud-task-core\1.2.2.RELEASE\spring-cloud-task-core-1.2.2.RELEASE.jar;C:\Users\rtalapaneni\.m2\repository\org\springframework\boot\spring-boot-autoconfigure\2.0.0.M7\spring-boot-autoconfigure-2.0.0.M7.jar;C:\Users\rtalapaneni\.m2\repository\org\springframework\cloud\spring-cloud-deployer-resource-support\1.2.1.RELEASE\spring-cloud-deployer-resource-support-1.2.1.RELEASE.jar;C:\Users\rtalapaneni\.m2\repository\org\slf4j\slf4j-api\1.7.25\slf4j-api-1.7.25.jar;C:\Users\rtalapaneni\.m2\repository\org\springframework\spring-jdbc\5.0.2.RELEASE\spring-jdbc-5.0.2.RELEASE.jar;C:\Users\rtalapaneni\.m2\repository\org\springframework\batch\spring-batch-infrastructure\4.0.0.M5\spring-batch-infrastructure-4.0.0.M5.jar;C:\Users\rtalapaneni\.m2\repository\org\springframework\retry\spring-retry\1.2.1.RELEASE\spring-retry-1.2.1.RELEASE.jar;C:\Users\rtalapaneni\.m2\repository\org\springframework\data\spring-data-commons\2.0.2.RELEASE\spring-data-commons-2.0.2.RELEASE.jar;C:\Users\rtalapaneni\.m2\repository\org\springframework\cloud\spring-cloud-task-batch\1.2.2.RELEASE\spring-cloud-task-batch-1.2.2.RELEASE.jar;C:\Users\rtalapaneni\.m2\repository\commons-logging\commons-logging-api\1.1\commons-logging-api-1.1.jar;C:\Users\rtalapaneni\.m2\repository\junit\junit\4.12\junit-4.12.jar;C:\Users\rtalapaneni\.m2\repository\org\hamcrest\hamcrest-core\1.3\hamcrest-core-1.3.jar;C:\Users\rtalapaneni\.m2\repository\org\hsqldb\hsqldb\2.4.0\hsqldb-2.4.0.jar;C:\Users\rtalapaneni\.m2\repository\mysql\mysql-connector-java\5.1.44\mysql-connector-java-5.1.44.jar;C:\Users\rtalapaneni\.m2\repository\org\apache\commons\commons-dbcp2\2.5.0\commons-dbcp2-2.5.0.jar;C:\Users\rtalapaneni\.m2\repository\org\apache\commons\commons-pool2\2.4.3\commons-pool2-2.4.3.jar;"/>
    <property name="sun.cpu.endian" value="little"/>
    <property name="user.home" value="C:\Users\rtalapaneni"/>
    <property name="user.language" value="en"/>
    <property name="java.specification.vendor" value="Oracle Corporation"/>
    <property name="java.home" value="C:\Program Files\Java\jdk1.8.0_181\jre"/>
    <property name="basedir" value="C:\Users\rtalapaneni\Documents\work\dev\poc\codebase\git\spring-boot-batch\file-ingest"/>
    <property name="file.separator" value="\"/>
    <property name="line.separator" value="&#10;"/>
    <property name="java.vm.specification.vendor" value="Oracle Corporation"/>
    <property name="java.specification.name" value="Java Platform API Specification"/>
    <property name="java.awt.graphicsenv" value="sun.awt.Win32GraphicsEnvironment"/>
    <property name="surefire.real.class.path" value="C:\Users\RTALAP~1\AppData\Local\Temp\surefire2428843353121837655\surefirebooter263454247001266357.jar"/>
    <property name="sun.boot.class.path" value="C:\Program Files\Java\jdk1.8.0_181\jre\lib\resources.jar;C:\Program Files\Java\jdk1.8.0_181\jre\lib\rt.jar;C:\Program Files\Java\jdk1.8.0_181\jre\lib\sunrsasign.jar;C:\Program Files\Java\jdk1.8.0_181\jre\lib\jsse.jar;C:\Program Files\Java\jdk1.8.0_181\jre\lib\jce.jar;C:\Program Files\Java\jdk1.8.0_181\jre\lib\charsets.jar;C:\Program Files\Java\jdk1.8.0_181\jre\lib\jfr.jar;C:\Program Files\Java\jdk1.8.0_181\jre\classes"/>
    <property name="user.script" value=""/>
    <property name="sun.management.compiler" value="HotSpot 64-Bit Tiered Compilers"/>
    <property name="java.runtime.version" value="1.8.0_181-b13"/>
    <property name="user.name" value="rtalapaneni"/>
    <property name="path.separator" value=";"/>
    <property name="os.version" value="10.0"/>
    <property name="java.endorsed.dirs" value="C:\Program Files\Java\jdk1.8.0_181\jre\lib\endorsed"/>
    <property name="java.runtime.name" value="Java(TM) SE Runtime Environment"/>
    <property name="file.encoding" value="Cp1252"/>
    <property name="java.vm.name" value="Java HotSpot(TM) 64-Bit Server VM"/>
    <property name="localRepository" value="C:\Users\rtalapaneni\.m2\repository"/>
    <property name="java.vendor.url.bug" value="http://bugreport.sun.com/bugreport/"/>
    <property name="java.io.tmpdir" value="C:\Users\RTALAP~1\AppData\Local\Temp\"/>
    <property name="java.version" value="1.8.0_181"/>
    <property name="user.dir" value="C:\Users\rtalapaneni\Documents\work\dev\poc\codebase\git\spring-boot-batch\file-ingest"/>
    <property name="os.arch" value="amd64"/>
    <property name="java.vm.specification.name" value="Java Virtual Machine Specification"/>
    <property name="java.awt.printerjob" value="sun.awt.windows.WPrinterJob"/>
    <property name="sun.os.patch.level" value=""/>
    <property name="java.library.path" value="C:\Program Files\Java\jdk1.8.0_181\jre\bin;C:\WINDOWS\Sun\Java\bin;C:\WINDOWS\system32;C:\WINDOWS;C:/Program Files/Java/jre1.8.0_181/bin/server;C:/Program Files/Java/jre1.8.0_181/bin;C:/Program Files/Java/jre1.8.0_181/lib/amd64;C:\WINDOWS\system32;C:\WINDOWS;C:\WINDOWS\System32\Wbem;C:\Program Files (x86)\Common Files\Oracle\Java\javapath;C:\Program Files (x86)\Intel\iCLS Client\;C:\Program Files\Intel\iCLS Client\;C:\WINDOWS\system32;C:\WINDOWS;C:\WINDOWS\System32\Wbem;C:\WINDOWS\System32\WindowsPowerShell\v1.0\;C:\Program Files (x86)\Intel\Intel(R) Management Engine Components\DAL;C:\Program Files\Intel\Intel(R) Management Engine Components\DAL;C:\Program Files (x86)\Intel\Intel(R) Management Engine Components\IPT;C:\Program Files\Intel\Intel(R) Management Engine Components\IPT;C:\Users\rtalapaneni\AppData\Local\Microsoft\WindowsApps;C:\Program Files\Git\cmd;C:\Program Files\nodejs\;C:\Users\rtalapaneni\AppData\Local\Microsoft\WindowsApps;C:\Program Files\Java\jdk1.8.0_181\bin;C:\Installations\apache-maven-3.5.4\bin;C:\Installations\eclipse_photon;C:\Users\rtalapaneni\AppData\Local\GitHubDesktop\bin;C:\Users\rtalapaneni\AppData\Roaming\npm;C:\Users\rtalapaneni\AppData\Local\Programs\Microsoft VS Code\bin;C:\Installations\eclipse_photon;;."/>
    <property name="java.vm.info" value="mixed mode"/>
    <property name="java.vendor" value="Oracle Corporation"/>
    <property name="java.vm.version" value="25.181-b13"/>
    <property name="java.ext.dirs" value="C:\Program Files\Java\jdk1.8.0_181\jre\lib\ext;C:\WINDOWS\Sun\Java\lib\ext"/>
    <property name="sun.io.unicode.encoding" value="UnicodeLittle"/>
    <property name="java.class.version" value="52.0"/>
  </properties>
  <testcase name="testPersonFieldMapping" classname="org.springframework.ingest.mapper.fieldset.PersonFieldSetMapperTests" time="0"/>
</testsuite>